  Main.cpp
F:\Usama\Projects\Programming\SnakeGame\SnakeGame\Main.cpp(4,9): warning C4067: unexpected tokens following preprocessor directive - expected a newline
F:\Usama\Projects\Programming\SnakeGame\SnakeGame\Main.cpp(61,105): warning C4244: 'argument': conversion from 'int' to 'T', possible loss of data
          with
          [
              T=float
          ]
F:\Usama\Projects\Programming\SnakeGame\SnakeGame\Main.cpp(61,69): warning C4244: 'argument': conversion from 'int' to 'T', possible loss of data
          with
          [
              T=float
          ]
F:\Usama\Projects\Programming\SnakeGame\SnakeGame\Main.cpp(79,70): warning C4244: 'argument': conversion from 'int' to 'T', possible loss of data
          with
          [
              T=float
          ]
F:\Usama\Projects\Programming\SnakeGame\SnakeGame\Main.cpp(79,36): warning C4244: 'argument': conversion from 'int' to 'T', possible loss of data
          with
          [
              T=float
          ]
  SnakeGame.vcxproj -> F:\Usama\Projects\Programming\SnakeGame\Debug\SnakeGame.exe
